Using pre-set license
Built from '2020.3/staging' branch; Version is '2020.3.17f1 (a4537701e4ab) revision 10769271'; Using compiler version '192528614'; Build Type 'Release'
OS: 'Windows 10 Home; OS build 19042.1237; Version 2009; 64bit' Language: 'en' Physical Memory: 16183 MB
BatchMode: 1, IsHumanControllingUs: 0, StartBugReporterOnCrash: 0, Is64bit: 1, IsPro: 0

COMMAND LINE ARGUMENTS:
C:\Program Files\Unity\Hub\Editor\2020.3.17f1\Editor\Unity.exe
-adb2
-batchMode
-noUpm
-name
AssetImportWorker0
-projectPath
C:/Users/jonat/OneDrive/Unity/skole
-logFile
Logs/AssetImportWorker0.log
-srvPort
61171
Successfully changed project path to: C:/Users/jonat/OneDrive/Unity/skole
C:/Users/jonat/OneDrive/Unity/skole
Using Asset Import Pipeline V2.
Refreshing native plugins compatible for Editor in 89.47 ms, found 3 plugins.
Preloading 0 native plugins for Editor in 0.00 ms.
Initialize engine version: 2020.3.17f1 (a4537701e4ab)
[Subsystems] Discovering subsystems at path C:/Program Files/Unity/Hub/Editor/2020.3.17f1/Editor/Data/Resources/UnitySubsystems
[Subsystems] Discovering subsystems at path C:/Users/jonat/OneDrive/Unity/skole/Assets
GfxDevice: creating device client; threaded=0
Direct3D:
    Version:  Direct3D 11.0 [level 11.1]
    Renderer: Intel(R) Iris(R) Xe Graphics (ID=0x9a49)
    Vendor:   
    VRAM:     8091 MB
    Driver:   27.20.100.9466
Initialize mono
Mono path[0] = 'C:/Program Files/Unity/Hub/Editor/2020.3.17f1/Editor/Data/Managed'
Mono path[1] = 'C:/Program Files/Unity/Hub/Editor/2020.3.17f1/Editor/Data/MonoBleedingEdge/lib/mono/unityjit'
Mono config path = 'C:/Program Files/Unity/Hub/Editor/2020.3.17f1/Editor/Data/MonoBleedingEdge/etc'
Using monoOptions --debugger-agent=transport=dt_socket,embedding=1,server=y,suspend=n,address=127.0.0.1:56816
Begin MonoManager ReloadAssembly
Registering precompiled unity dll's ...
Register platform support module: C:/Program Files/Unity/Hub/Editor/2020.3.17f1/Editor/Data/PlaybackEngines/WindowsStandaloneSupport/UnityEditor.WindowsStandalone.Extensions.dll
Registered in 0.004054 seconds.
Native extension for WindowsStandalone target not found
Refreshing native plugins compatible for Editor in 85.03 ms, found 3 plugins.
Preloading 0 native plugins for Editor in 0.00 ms.
Mono: successfully reloaded assembly
- Completed reload, in  2.143 seconds
Domain Reload Profiling:
	ReloadAssembly (2143ms)
		BeginReloadAssembly (105ms)
			ExecutionOrderSort (0ms)
			DisableScriptedObjects (0ms)
			BackupInstance (0ms)
			ReleaseScriptingObjects (0ms)
			CreateAndSetChildDomain (1ms)
		EndReloadAssembly (870ms)
			LoadAssemblies (101ms)
			RebuildTransferFunctionScriptingTraits (0ms)
			SetupTypeCache (338ms)
			ReleaseScriptCaches (0ms)
			RebuildScriptCaches (61ms)
			SetupLoadedEditorAssemblies (331ms)
				LogAssemblyErrors (0ms)
				InitializePlatformSupportModulesInManaged (8ms)
				SetLoadedEditorAssemblies (1ms)
				RefreshPlugins (85ms)
				BeforeProcessingInitializeOnLoad (18ms)
				ProcessInitializeOnLoadAttributes (162ms)
				ProcessInitializeOnLoadMethodAttributes (56ms)
				AfterProcessingInitializeOnLoad (0ms)
				EditorAssembliesLoaded (0ms)
			ExecutionOrderSort2 (0ms)
			AwakeInstancesAfterBackupRestoration (0ms)
Platform modules already initialized, skipping
Registering precompiled user dll's ...
Registered in 0.008531 seconds.
Begin MonoManager ReloadAssembly
Native extension for WindowsStandalone target not found
Refreshing native plugins compatible for Editor in 85.53 ms, found 3 plugins.
Preloading 0 native plugins for Editor in 0.00 ms.
Mono: successfully reloaded assembly
- Completed reload, in  2.250 seconds
Domain Reload Profiling:
	ReloadAssembly (2252ms)
		BeginReloadAssembly (266ms)
			ExecutionOrderSort (0ms)
			DisableScriptedObjects (8ms)
			BackupInstance (0ms)
			ReleaseScriptingObjects (0ms)
			CreateAndSetChildDomain (30ms)
		EndReloadAssembly (1864ms)
			LoadAssemblies (173ms)
			RebuildTransferFunctionScriptingTraits (0ms)
			SetupTypeCache (532ms)
			ReleaseScriptCaches (1ms)
			RebuildScriptCaches (90ms)
			SetupLoadedEditorAssemblies (827ms)
				LogAssemblyErrors (0ms)
				InitializePlatformSupportModulesInManaged (8ms)
				SetLoadedEditorAssemblies (0ms)
				RefreshPlugins (86ms)
				BeforeProcessingInitializeOnLoad (132ms)
				ProcessInitializeOnLoadAttributes (563ms)
				ProcessInitializeOnLoadMethodAttributes (25ms)
				AfterProcessingInitializeOnLoad (13ms)
				EditorAssembliesLoaded (0ms)
			ExecutionOrderSort2 (0ms)
			AwakeInstancesAfterBackupRestoration (15ms)
Platform modules already initialized, skipping
========================================================================
Worker process is ready to serve import requests
Launched and connected shader compiler UnityShaderCompiler.exe after 0.17 seconds
Refreshing native plugins compatible for Editor in 0.39 ms, found 3 plugins.
Preloading 0 native plugins for Editor in 0.00 ms.
Unloading 2100 Unused Serialized files (Serialized files now loaded: 0)
System memory in use before: 93.3 MB.
System memory in use after: 93.3 MB.

Unloading 28 unused Assets to reduce memory usage. Loaded Objects now: 2537.
Total: 2.703500 ms (FindLiveObjects: 0.161000 ms CreateObjectMapping: 0.057800 ms MarkObjects: 2.432700 ms  DeleteObjects: 0.050500 ms)

AssetImportParameters requested are different than current active one (requested -> active):
  custom:framework-win-MediaFoundation: 216162199b28c13a410421893ffa2e32 -> 
  custom:video-decoder-ogg-theora: a1e56fd34408186e4bbccfd4996cb3dc -> 
  custom:container-muxer-webm: aa71ff27fc2769a1b78a27578f13a17b -> 
  custom:container-demuxer-webm: 4f35f7cbe854078d1ac9338744f61a02 -> 
  custom:container-demuxer-ogg: 62fdf1f143b41e24485cea50d1cbac27 -> 
  custom:video-encoder-webm-vp8: eb34c28f22e8b96e1ab97ce403110664 -> 
  custom:video-codec-MediaFoundation-h265: 746d11721c4dcdbdad8f713fa42b33f4 -> 
  custom:video-decoder-webm-vp8: 9c59270c3fd7afecdb556c50c9e8de78 -> 
  custom:audio-decoder-ogg-vorbis: bf7c407c2cedff20999df2af8eb42d56 -> 
  custom:audio-encoder-webm-vorbis: bf7c407c2cedff20999df2af8eb42d56 -> 
========================================================================
Received Import Request.
  path: Assets/Charether 2.png
  artifactKey: Guid(567cb60fd9f161649a1334fab6918580) Importer(815301076,1909f56bfc062723c751e8b465ee728b)
Start importing Assets/Charether 2.png using Guid(567cb60fd9f161649a1334fab6918580) Importer(815301076,1909f56bfc062723c751e8b465ee728b)  -> (artifact id: 'd873c1a42da512d3680bd8d25d838b45') in 0.269636 seconds 
  Import took 0.274280 seconds .

========================================================================
Received Import Request.
  Time since last request: 0.000410 seconds.
  path: Assets/concr.prefab
  artifactKey: Guid(665bd50902e01244cad23c02af140807) Importer(815301076,1909f56bfc062723c751e8b465ee728b)
Start importing Assets/concr.prefab using Guid(665bd50902e01244cad23c02af140807) Importer(815301076,1909f56bfc062723c751e8b465ee728b)  -> (artifact id: 'd40ecb3f07dc86a564a24a6af147e9f0') in 0.086772 seconds 
  Import took 0.091189 seconds .

========================================================================
Received Import Request.
  Time since last request: 52.155638 seconds.
  path: Assets/images
  artifactKey: Guid(7af7807aab5d3e344b6c342b74112794) Importer(815301076,1909f56bfc062723c751e8b465ee728b)
Start importing Assets/images using Guid(7af7807aab5d3e344b6c342b74112794) Importer(815301076,1909f56bfc062723c751e8b465ee728b)  -> (artifact id: 'b69b26bc066d31612b8a12237740e760') in 0.013922 seconds 
  Import took 0.019832 seconds .

========================================================================
Received Import Request.
  Time since last request: 0.003575 seconds.
  path: Assets/images
  artifactKey: Guid(7af7807aab5d3e344b6c342b74112794) Importer(815301076,1909f56bfc062723c751e8b465ee728b)
Start importing Assets/images using Guid(7af7807aab5d3e344b6c342b74112794) Importer(815301076,1909f56bfc062723c751e8b465ee728b)  -> (artifact id: 'b69b26bc066d31612b8a12237740e760') in 0.018003 seconds 
  Import took 0.027444 seconds .

========================================================================
Received Import Request.
  Time since last request: 0.087070 seconds.
  path: Assets/images/black gun dude21.png
  artifactKey: Guid(2e118f59a7502744bb2d352d69e14bb8) Importer(815301076,1909f56bfc062723c751e8b465ee728b)
Start importing Assets/images/black gun dude21.png using Guid(2e118f59a7502744bb2d352d69e14bb8) Importer(815301076,1909f56bfc062723c751e8b465ee728b)  -> (artifact id: '337c5e7ef56e4f75247104383bce6346') in 0.035691 seconds 
  Import took 0.043055 seconds .

========================================================================
Received Import Request.
  Time since last request: 0.000280 seconds.
  path: Assets/images/updated black gun looking down 2.png
  artifactKey: Guid(4d1390c0823f99848bf7899aea2d49de) Importer(815301076,1909f56bfc062723c751e8b465ee728b)
Start importing Assets/images/updated black gun looking down 2.png using Guid(4d1390c0823f99848bf7899aea2d49de) Importer(815301076,1909f56bfc062723c751e8b465ee728b)  -> (artifact id: '97d3f8111591b7dff2a08d9c68048972') in 0.037458 seconds 
  Import took 0.048296 seconds .

========================================================================
Received Import Request.
  Time since last request: 0.000316 seconds.
  path: Assets/images/concr.jpg
  artifactKey: Guid(d3bc3339e1b5e91438df1575d293f1bd) Importer(815301076,1909f56bfc062723c751e8b465ee728b)
Start importing Assets/images/concr.jpg using Guid(d3bc3339e1b5e91438df1575d293f1bd) Importer(815301076,1909f56bfc062723c751e8b465ee728b)  -> (artifact id: '2707195afd627776b79e7a4990f1324f') in 0.034777 seconds 
  Import took 0.043353 seconds .

========================================================================
Received Import Request.
  Time since last request: 0.000332 seconds.
  path: Assets/images/player 2 v.png
  artifactKey: Guid(894cbb4643d03d7428c0a83bdb652aca) Importer(815301076,1909f56bfc062723c751e8b465ee728b)
Start importing Assets/images/player 2 v.png using Guid(894cbb4643d03d7428c0a83bdb652aca) Importer(815301076,1909f56bfc062723c751e8b465ee728b)  -> (artifact id: 'f969680da51508d5cb8509d8b0ea6705') in 0.043453 seconds 
  Import took 0.051186 seconds .

========================================================================
Received Import Request.
  Time since last request: 0.000289 seconds.
  path: Assets/images/player 2.prefab
  artifactKey: Guid(40d7fe59eb63753479d98ef48845e48b) Importer(815301076,1909f56bfc062723c751e8b465ee728b)
Start importing Assets/images/player 2.prefab using Guid(40d7fe59eb63753479d98ef48845e48b) Importer(815301076,1909f56bfc062723c751e8b465ee728b)  -> (artifact id: 'ec63f58ae3d3a46fcec7fbeb1424aba6') in 0.031472 seconds 
  Import took 0.039800 seconds .

========================================================================
Received Import Request.
  Time since last request: 0.000324 seconds.
  path: Assets/images/Layer 1.png
  artifactKey: Guid(69e1a9f984863bb4e82f68f60117e79b) Importer(815301076,1909f56bfc062723c751e8b465ee728b)
Start importing Assets/images/Layer 1.png using Guid(69e1a9f984863bb4e82f68f60117e79b) Importer(815301076,1909f56bfc062723c751e8b465ee728b)  -> (artifact id: '6995429591315058fceb86a5dfbcd6af') in 0.025623 seconds 
  Import took 0.033612 seconds .

========================================================================
Received Import Request.
  Time since last request: 0.000293 seconds.
  path: Assets/images/Charether 1 (1).png
  artifactKey: Guid(705925620c638924fbb78efcb380fb56) Importer(815301076,1909f56bfc062723c751e8b465ee728b)
Start importing Assets/images/Charether 1 (1).png using Guid(705925620c638924fbb78efcb380fb56) Importer(815301076,1909f56bfc062723c751e8b465ee728b)  -> (artifact id: 'fb753435594618ffab8dbd2cbfca1675') in 0.027047 seconds 
  Import took 0.033630 seconds .

========================================================================
Received Import Request.
  Time since last request: 0.000304 seconds.
  path: Assets/images/pixel dude 2 up.png
  artifactKey: Guid(064e08d1364db664ab265883294626cd) Importer(815301076,1909f56bfc062723c751e8b465ee728b)
Start importing Assets/images/pixel dude 2 up.png using Guid(064e08d1364db664ab265883294626cd) Importer(815301076,1909f56bfc062723c751e8b465ee728b)  -> (artifact id: 'b8ee298059240512d7625ae12eb88454') in 0.022060 seconds 
  Import took 0.028821 seconds .

========================================================================
Received Import Request.
  Time since last request: 0.000303 seconds.
  path: Assets/images/player1back.png
  artifactKey: Guid(cc9e9503d994c63478422758be10b159) Importer(815301076,1909f56bfc062723c751e8b465ee728b)
Start importing Assets/images/player1back.png using Guid(cc9e9503d994c63478422758be10b159) Importer(815301076,1909f56bfc062723c751e8b465ee728b)  -> (artifact id: 'b423b02ea6acbda0886496b519a4c603') in 0.063445 seconds 
  Import took 0.070854 seconds .

========================================================================
Received Import Request.
  Time since last request: 0.000390 seconds.
  path: Assets/images/bul 1.prefab
  artifactKey: Guid(a02aad6a43fb3754b89924786023a619) Importer(815301076,1909f56bfc062723c751e8b465ee728b)
Start importing Assets/images/bul 1.prefab using Guid(a02aad6a43fb3754b89924786023a619) Importer(815301076,1909f56bfc062723c751e8b465ee728b)  -> (artifact id: '2333aade7ffd87e171a574ef04423423') in 0.032899 seconds 
  Import took 0.041295 seconds .

========================================================================
Received Import Request.
  Time since last request: 0.000359 seconds.
  path: Assets/images/pixel zombi side.png
  artifactKey: Guid(64a5f73c77aad6a49803d8a7e377b0a0) Importer(815301076,1909f56bfc062723c751e8b465ee728b)
Start importing Assets/images/pixel zombi side.png using Guid(64a5f73c77aad6a49803d8a7e377b0a0) Importer(815301076,1909f56bfc062723c751e8b465ee728b)  -> (artifact id: '3a4ca00b5e943a488f91c404e63818fd') in 0.029153 seconds 
  Import took 0.036755 seconds .

========================================================================
Received Import Request.
  Time since last request: 0.000373 seconds.
  path: Assets/images/playr1left.png
  artifactKey: Guid(17056581971e3914580f46861ceb428d) Importer(815301076,1909f56bfc062723c751e8b465ee728b)
Start importing Assets/images/playr1left.png using Guid(17056581971e3914580f46861ceb428d) Importer(815301076,1909f56bfc062723c751e8b465ee728b)  -> (artifact id: '53d380df78871a659e38df3c357f6cde') in 0.024189 seconds 
  Import took 0.029867 seconds .

========================================================================
Received Import Request.
  Time since last request: 0.000234 seconds.
  path: Assets/images/Wall side.png
  artifactKey: Guid(2759b8f61a397184981429a3f6488ecc) Importer(815301076,1909f56bfc062723c751e8b465ee728b)
Start importing Assets/images/Wall side.png using Guid(2759b8f61a397184981429a3f6488ecc) Importer(815301076,1909f56bfc062723c751e8b465ee728b)  -> (artifact id: '6a815436d6fca63456091f966004f519') in 0.027025 seconds 
  Import took 0.034593 seconds .

========================================================================
Received Import Request.
  Time since last request: 0.000315 seconds.
  path: Assets/images/player1.prefab
  artifactKey: Guid(5ff6b55449f22bb42bd090cf608158ae) Importer(815301076,1909f56bfc062723c751e8b465ee728b)
Start importing Assets/images/player1.prefab using Guid(5ff6b55449f22bb42bd090cf608158ae) Importer(815301076,1909f56bfc062723c751e8b465ee728b)  -> (artifact id: '25904900ce658583187e0b6c75b38617') in 0.034182 seconds 
  Import took 0.042360 seconds .

========================================================================
Received Import Request.
  Time since last request: 0.000380 seconds.
  path: Assets/images/bul.png
  artifactKey: Guid(18b843f91979e4f41bcff5521682476e) Importer(815301076,1909f56bfc062723c751e8b465ee728b)
Start importing Assets/images/bul.png using Guid(18b843f91979e4f41bcff5521682476e) Importer(815301076,1909f56bfc062723c751e8b465ee728b)  -> (artifact id: 'df99d62861e796eaf883668d90eeb6bf') in 0.033958 seconds 
  Import took 0.041702 seconds .

========================================================================
Received Import Request.
  Time since last request: 0.000388 seconds.
  path: Assets/images/player1down.png
  artifactKey: Guid(cea5ccdf556f79447b39a19a2b28e1e3) Importer(815301076,1909f56bfc062723c751e8b465ee728b)
Start importing Assets/images/player1down.png using Guid(cea5ccdf556f79447b39a19a2b28e1e3) Importer(815301076,1909f56bfc062723c751e8b465ee728b)  -> (artifact id: 'b6aa7e19dc63a39905aaefc670cf89ee') in 0.027224 seconds 
  Import took 0.035606 seconds .

========================================================================
Received Import Request.
  Time since last request: 0.000413 seconds.
  path: Assets/images/Pixel dude 1 up.png
  artifactKey: Guid(206c31425ec18934095ec85c29fedd42) Importer(815301076,1909f56bfc062723c751e8b465ee728b)
Start importing Assets/images/Pixel dude 1 up.png using Guid(206c31425ec18934095ec85c29fedd42) Importer(815301076,1909f56bfc062723c751e8b465ee728b)  -> (artifact id: 'b57f19893031fea6c317e909033ba574') in 0.025914 seconds 
  Import took 0.034645 seconds .

========================================================================
Received Import Request.
  Time since last request: 0.000345 seconds.
  path: Assets/images/updated black gun looking down 1.png
  artifactKey: Guid(0d04297963d526447800139540e70d50) Importer(815301076,1909f56bfc062723c751e8b465ee728b)
Start importing Assets/images/updated black gun looking down 1.png using Guid(0d04297963d526447800139540e70d50) Importer(815301076,1909f56bfc062723c751e8b465ee728b)  -> (artifact id: '0d82370321dc7475c5bb0508c826e49f') in 0.022859 seconds 
  Import took 0.030718 seconds .

========================================================================
Received Import Request.
  Time since last request: 18.460259 seconds.
  path: Assets/erese.cs
  artifactKey: Guid(834bee504dc8a7243a41abbf151593cf) Importer(815301076,1909f56bfc062723c751e8b465ee728b)
Start importing Assets/erese.cs using Guid(834bee504dc8a7243a41abbf151593cf) Importer(815301076,1909f56bfc062723c751e8b465ee728b)  -> (artifact id: 'c2564f856208c0bc539641aac7172867') in 0.021911 seconds 
  Import took 0.028484 seconds .

========================================================================
Received Import Request.
  Time since last request: 1.583415 seconds.
  path: Assets/dna.cs
  artifactKey: Guid(857bcc355711fb6489d2569372d31154) Importer(815301076,1909f56bfc062723c751e8b465ee728b)
Start importing Assets/dna.cs using Guid(857bcc355711fb6489d2569372d31154) Importer(815301076,1909f56bfc062723c751e8b465ee728b)  -> (artifact id: 'a3c7e9e14884006367d28b5bb56afe24') in 0.013588 seconds 
  Import took 0.020561 seconds .

========================================================================
Received Import Request.
  Time since last request: 0.435148 seconds.
  path: Assets/dna.cs
  artifactKey: Guid(857bcc355711fb6489d2569372d31154) Importer(815301076,1909f56bfc062723c751e8b465ee728b)
Start importing Assets/dna.cs using Guid(857bcc355711fb6489d2569372d31154) Importer(815301076,1909f56bfc062723c751e8b465ee728b)  -> (artifact id: 'a3c7e9e14884006367d28b5bb56afe24') in 0.005458 seconds 
  Import took 0.013900 seconds .

========================================================================
Received Import Request.
  Time since last request: 2.856995 seconds.
  path: Assets/Scenes
  artifactKey: Guid(ef66f84688fa9c6419a0ea8866ecc4b6) Importer(815301076,1909f56bfc062723c751e8b465ee728b)
Start importing Assets/Scenes using Guid(ef66f84688fa9c6419a0ea8866ecc4b6) Importer(815301076,1909f56bfc062723c751e8b465ee728b)  -> (artifact id: 'cb524629f15e3926baf387b5113c5bed') in 0.013867 seconds 
  Import took 0.020986 seconds .

========================================================================
Received Import Request.
  Time since last request: 0.903631 seconds.
  path: Assets/Scenes/black gun dude 1.png
  artifactKey: Guid(330901596b5bc27489c5e6688605eb6e) Importer(815301076,1909f56bfc062723c751e8b465ee728b)
Start importing Assets/Scenes/black gun dude 1.png using Guid(330901596b5bc27489c5e6688605eb6e) Importer(815301076,1909f56bfc062723c751e8b465ee728b)  -> (artifact id: '0148f7eacbd7b211f1c84874cb8c9d5c') in 0.025968 seconds 
  Import took 0.031908 seconds .

========================================================================
Received Import Request.
  Time since last request: 0.000376 seconds.
  path: Assets/Scenes/Charether 1 (1).prefab
  artifactKey: Guid(ecdeeca346a79fe48acc73529802a584) Importer(815301076,1909f56bfc062723c751e8b465ee728b)
Start importing Assets/Scenes/Charether 1 (1).prefab using Guid(ecdeeca346a79fe48acc73529802a584) Importer(815301076,1909f56bfc062723c751e8b465ee728b)  -> (artifact id: '31a0ba55c65131aa6e28fa522c5fa32b') in 0.022842 seconds 
  Import took 0.029865 seconds .

========================================================================
Received Import Request.
  Time since last request: 0.000378 seconds.
  path: Assets/Scenes/pixel zombi down.png
  artifactKey: Guid(ee71e2eede70d53469709d2b08834038) Importer(815301076,1909f56bfc062723c751e8b465ee728b)
Start importing Assets/Scenes/pixel zombi down.png using Guid(ee71e2eede70d53469709d2b08834038) Importer(815301076,1909f56bfc062723c751e8b465ee728b)  -> (artifact id: '8b5599f4ae63091f6ea75dcef8ef3f06') in 0.026315 seconds 
  Import took 0.034372 seconds .

========================================================================
Received Import Request.
  Time since last request: 0.000321 seconds.
  path: Assets/Scenes/bullet.prefab
  artifactKey: Guid(16328d5f25ae68f45aa6cf8d91524944) Importer(815301076,1909f56bfc062723c751e8b465ee728b)
Start importing Assets/Scenes/bullet.prefab using Guid(16328d5f25ae68f45aa6cf8d91524944) Importer(815301076,1909f56bfc062723c751e8b465ee728b)  -> (artifact id: 'f91f1d483452cfdc3d8737de34ed77a7') in 0.031364 seconds 
  Import took 0.039628 seconds .

========================================================================
Received Import Request.
  Time since last request: 0.000278 seconds.
  path: Assets/Scenes/zombie ded 1.png
  artifactKey: Guid(64fe36c82f355ca4993d77c0f7c0058e) Importer(815301076,1909f56bfc062723c751e8b465ee728b)
Start importing Assets/Scenes/zombie ded 1.png using Guid(64fe36c82f355ca4993d77c0f7c0058e) Importer(815301076,1909f56bfc062723c751e8b465ee728b)  -> (artifact id: '9f05282a29a8519cca8b05b0b008c09c') in 0.023998 seconds 
  Import took 0.031740 seconds .

========================================================================
Received Import Request.
  Time since last request: 0.000291 seconds.
  path: Assets/Scenes/zombie.png
  artifactKey: Guid(2b631d3e44e75344f8ae4659332a307d) Importer(815301076,1909f56bfc062723c751e8b465ee728b)
Start importing Assets/Scenes/zombie.png using Guid(2b631d3e44e75344f8ae4659332a307d) Importer(815301076,1909f56bfc062723c751e8b465ee728b)  -> (artifact id: 'de2ec016580821f0c3c5e62416b16043') in 0.027380 seconds 
  Import took 0.034997 seconds .

========================================================================
Received Import Request.
  Time since last request: 0.000311 seconds.
  path: Assets/Scenes/Circle 1.prefab
  artifactKey: Guid(c069ff5c55e2dad4c92752c6152787e4) Importer(815301076,1909f56bfc062723c751e8b465ee728b)
Start importing Assets/Scenes/Circle 1.prefab using Guid(c069ff5c55e2dad4c92752c6152787e4) Importer(815301076,1909f56bfc062723c751e8b465ee728b)  -> (artifact id: '24ff353f6d04866bdc35d2ad0a13c506') in 0.023042 seconds 
  Import took 0.029441 seconds .

========================================================================
Received Import Request.
  Time since last request: 0.000243 seconds.
  path: Assets/Scenes/player 1.png
  artifactKey: Guid(e87132676655d1840ab071f9d72e9f2a) Importer(815301076,1909f56bfc062723c751e8b465ee728b)
Start importing Assets/Scenes/player 1.png using Guid(e87132676655d1840ab071f9d72e9f2a) Importer(815301076,1909f56bfc062723c751e8b465ee728b)  -> (artifact id: '3d143903877f648916438f762f6adda8') in 0.023932 seconds 
  Import took 0.030694 seconds .

========================================================================
Received Import Request.
  Time since last request: 0.000285 seconds.
  path: Assets/Scenes/DNA 1.prefab
  artifactKey: Guid(a320e4622e6578e4c9817566c489c403) Importer(815301076,1909f56bfc062723c751e8b465ee728b)
Start importing Assets/Scenes/DNA 1.prefab using Guid(a320e4622e6578e4c9817566c489c403) Importer(815301076,1909f56bfc062723c751e8b465ee728b)  -> (artifact id: 'a70d444449c0b2ad3632679a418c4bf9') in 0.025548 seconds 
  Import took 0.032579 seconds .

========================================================================
Received Import Request.
  Time since last request: 0.000304 seconds.
  path: Assets/Scenes/DNA.png
  artifactKey: Guid(afaa52fab0294cd4dbfd84e8fcf72d78) Importer(815301076,1909f56bfc062723c751e8b465ee728b)
Start importing Assets/Scenes/DNA.png using Guid(afaa52fab0294cd4dbfd84e8fcf72d78) Importer(815301076,1909f56bfc062723c751e8b465ee728b)  -> (artifact id: '8c53b6759d39c707d033273fc3eba0e5') in 0.030818 seconds 
  Import took 0.037740 seconds .

========================================================================
Received Import Request.
  Time since last request: 0.000314 seconds.
  path: Assets/Scenes/pixel zombi down.prefab
  artifactKey: Guid(ae3c7aba16a49cd408da5ca92645fd42) Importer(815301076,1909f56bfc062723c751e8b465ee728b)
Start importing Assets/Scenes/pixel zombi down.prefab using Guid(ae3c7aba16a49cd408da5ca92645fd42) Importer(815301076,1909f56bfc062723c751e8b465ee728b)  -> (artifact id: '38c951406b9c6126ff9a8999cfe04f38') in 0.027813 seconds 
  Import took 0.035153 seconds .

========================================================================
Received Import Request.
  Time since last request: 0.000304 seconds.
  path: Assets/Scenes/Map 1 Updated.png
  artifactKey: Guid(f1b5e61fccf0f004199c09c978b57b77) Importer(815301076,1909f56bfc062723c751e8b465ee728b)
Start importing Assets/Scenes/Map 1 Updated.png using Guid(f1b5e61fccf0f004199c09c978b57b77) Importer(815301076,1909f56bfc062723c751e8b465ee728b)  -> (artifact id: 'f965a6a91237d61d28439fbcfd8ab615') in 0.033307 seconds 
  Import took 0.040219 seconds .

========================================================================
Received Import Request.
  Time since last request: 0.000316 seconds.
  path: Assets/Scenes/DNA 1.png
  artifactKey: Guid(1d07b423c882b0243bc8dcded7ead090) Importer(815301076,1909f56bfc062723c751e8b465ee728b)
Start importing Assets/Scenes/DNA 1.png using Guid(1d07b423c882b0243bc8dcded7ead090) Importer(815301076,1909f56bfc062723c751e8b465ee728b)  -> (artifact id: '9140e9050cac5bd8a62d3272ba7a5f62') in 0.020455 seconds 
  Import took 0.027459 seconds .

========================================================================
Received Import Request.
  Time since last request: 0.000278 seconds.
  path: Assets/Scenes/playr1left.prefab
  artifactKey: Guid(f08383891027a274d8bd0ab2e7db36a9) Importer(815301076,1909f56bfc062723c751e8b465ee728b)
Start importing Assets/Scenes/playr1left.prefab using Guid(f08383891027a274d8bd0ab2e7db36a9) Importer(815301076,1909f56bfc062723c751e8b465ee728b)  -> (artifact id: '136bc50a86ee539e75dfa898fadd1548') in 0.020545 seconds 
  Import took 0.025994 seconds .

========================================================================
Received Import Request.
  Time since last request: 108.582908 seconds.
  path: Assets/images/Game map.png
  artifactKey: Guid(de27c4fd6d8c98d4288847d2e90390cc) Importer(815301076,1909f56bfc062723c751e8b465ee728b)
Start importing Assets/images/Game map.png using Guid(de27c4fd6d8c98d4288847d2e90390cc) Importer(815301076,1909f56bfc062723c751e8b465ee728b)  -> (artifact id: '2fa56e7de961d7fdf06a703f375bdbb3') in 0.021742 seconds 
  Import took 0.027350 seconds .

========================================================================
Received Import Request.
  Time since last request: 45.319282 seconds.
  path: Packages/com.unity.2d.spriteshape/Editor/ObjectMenuCreation/DefaultAssets/Sprite Shapes/Closed Sprite Shape.prefab
  artifactKey: Guid(c0583b4e855c74b8c82e7b9b5efb5ce9) Importer(815301076,1909f56bfc062723c751e8b465ee728b)
Start importing Packages/com.unity.2d.spriteshape/Editor/ObjectMenuCreation/DefaultAssets/Sprite Shapes/Closed Sprite Shape.prefab using Guid(c0583b4e855c74b8c82e7b9b5efb5ce9) Importer(815301076,1909f56bfc062723c751e8b465ee728b)  -> (artifact id: 'c5c845828cede3f25819031102be01e1') in 0.032784 seconds 
  Import took 0.040704 seconds .

========================================================================
Received Import Request.
  Time since last request: 0.000311 seconds.
  path: Packages/com.unity.2d.spriteshape/Editor/ObjectMenuCreation/DefaultAssets/Sprite Shapes/Open Sprite Shape.prefab
  artifactKey: Guid(86ae7de409eb54f619fb1328e4d42480) Importer(815301076,1909f56bfc062723c751e8b465ee728b)
Start importing Packages/com.unity.2d.spriteshape/Editor/ObjectMenuCreation/DefaultAssets/Sprite Shapes/Open Sprite Shape.prefab using Guid(86ae7de409eb54f619fb1328e4d42480) Importer(815301076,1909f56bfc062723c751e8b465ee728b)  -> (artifact id: '1cd094d74455b6e3ebbdb90683f10d20') in 0.028005 seconds 
  Import took 0.034460 seconds .

========================================================================
Received Import Request.
  Time since last request: 0.002531 seconds.
  path: Packages/com.unity.2d.spriteshape/Editor/ObjectMenuCreation/DefaultAssets/Sprite Shapes/Open Sprite Shape.prefab
  artifactKey: Guid(86ae7de409eb54f619fb1328e4d42480) Importer(815301076,1909f56bfc062723c751e8b465ee728b)
Start importing Packages/com.unity.2d.spriteshape/Editor/ObjectMenuCreation/DefaultAssets/Sprite Shapes/Open Sprite Shape.prefab using Guid(86ae7de409eb54f619fb1328e4d42480) Importer(815301076,1909f56bfc062723c751e8b465ee728b)  -> (artifact id: '1cd094d74455b6e3ebbdb90683f10d20') in 0.014583 seconds 
  Import took 0.022599 seconds .

========================================================================
Received Import Request.
  Time since last request: 7.131654 seconds.
  path: Packages/com.unity.2d.animation
  artifactKey: Guid(bb5c94055a953b6081dfc49350569eb1) Importer(815301076,1909f56bfc062723c751e8b465ee728b)
Start importing Packages/com.unity.2d.animation using Guid(bb5c94055a953b6081dfc49350569eb1) Importer(815301076,1909f56bfc062723c751e8b465ee728b)  -> (artifact id: '09fa518512abe465e781a54efa05d46a') in 0.013439 seconds 
  Import took 0.020053 seconds .

========================================================================
Received Import Request.
  Time since last request: 0.140298 seconds.
  path: Packages/com.unity.2d.animation/package.json
  artifactKey: Guid(9e83c20a8293f44ec8a375d3805f477d) Importer(815301076,1909f56bfc062723c751e8b465ee728b)
Start importing Packages/com.unity.2d.animation/package.json using Guid(9e83c20a8293f44ec8a375d3805f477d) Importer(815301076,1909f56bfc062723c751e8b465ee728b)  -> (artifact id: '519ad1bf8fe5f847ba8bc5d602dfca65') in 0.017340 seconds 
  Import took 0.024747 seconds .

========================================================================
Received Import Request.
  Time since last request: 187.852119 seconds.
  path: Assets/images/Game map.png
  artifactKey: Guid(de27c4fd6d8c98d4288847d2e90390cc) Importer(815301076,1909f56bfc062723c751e8b465ee728b)
Start importing Assets/images/Game map.png using Guid(de27c4fd6d8c98d4288847d2e90390cc) Importer(815301076,1909f56bfc062723c751e8b465ee728b)  -> (artifact id: '8b7536c97f720fd84f126db2de5d809b') in 0.027749 seconds 
  Import took 0.035449 seconds .

========================================================================
Received Prepare
Registering precompiled user dll's ...
Registered in 0.009229 seconds.
Begin MonoManager ReloadAssembly
Native extension for WindowsStandalone target not found
Refreshing native plugins compatible for Editor in 1.17 ms, found 3 plugins.
Preloading 0 native plugins for Editor in 0.00 ms.
Mono: successfully reloaded assembly
- Completed reload, in  2.062 seconds
Domain Reload Profiling:
	ReloadAssembly (2063ms)
		BeginReloadAssembly (238ms)
			ExecutionOrderSort (0ms)
			DisableScriptedObjects (16ms)
			BackupInstance (0ms)
			ReleaseScriptingObjects (0ms)
			CreateAndSetChildDomain (65ms)
		EndReloadAssembly (1661ms)
			LoadAssemblies (180ms)
			RebuildTransferFunctionScriptingTraits (0ms)
			SetupTypeCache (613ms)
			ReleaseScriptCaches (1ms)
			RebuildScriptCaches (71ms)
			SetupLoadedEditorAssemblies (632ms)
				LogAssemblyErrors (0ms)
				InitializePlatformSupportModulesInManaged (10ms)
				SetLoadedEditorAssemblies (1ms)
				RefreshPlugins (1ms)
				BeforeProcessingInitializeOnLoad (103ms)
				ProcessInitializeOnLoadAttributes (493ms)
				ProcessInitializeOnLoadMethodAttributes (12ms)
				AfterProcessingInitializeOnLoad (13ms)
				EditorAssembliesLoaded (0ms)
			ExecutionOrderSort2 (0ms)
			AwakeInstancesAfterBackupRestoration (22ms)
Platform modules already initialized, skipping
Refreshing native plugins compatible for Editor in 0.82 ms, found 3 plugins.
Preloading 0 native plugins for Editor in 0.00 ms.
Unloading 2090 Unused Serialized files (Serialized files now loaded: 0)
System memory in use before: 95.8 MB.
System memory in use after: 95.9 MB.

Unloading 16 unused Assets to reduce memory usage. Loaded Objects now: 2556.
Total: 5.365800 ms (FindLiveObjects: 0.331100 ms CreateObjectMapping: 0.079600 ms MarkObjects: 4.925300 ms  DeleteObjects: 0.028100 ms)

AssetImportParameters requested are different than current active one (requested -> active):
  custom:framework-win-MediaFoundation: 216162199b28c13a410421893ffa2e32 -> 
  custom:video-decoder-ogg-theora: a1e56fd34408186e4bbccfd4996cb3dc -> 
  custom:container-muxer-webm: aa71ff27fc2769a1b78a27578f13a17b -> 
  custom:container-demuxer-webm: 4f35f7cbe854078d1ac9338744f61a02 -> 
  custom:container-demuxer-ogg: 62fdf1f143b41e24485cea50d1cbac27 -> 
  custom:video-encoder-webm-vp8: eb34c28f22e8b96e1ab97ce403110664 -> 
  custom:video-codec-MediaFoundation-h265: 746d11721c4dcdbdad8f713fa42b33f4 -> 
  custom:video-decoder-webm-vp8: 9c59270c3fd7afecdb556c50c9e8de78 -> 
  custom:audio-decoder-ogg-vorbis: bf7c407c2cedff20999df2af8eb42d56 -> 
  custom:audio-encoder-webm-vorbis: bf7c407c2cedff20999df2af8eb42d56 -> 
========================================================================
Received Prepare
Registering precompiled user dll's ...
Registered in 0.010018 seconds.
Begin MonoManager ReloadAssembly
Native extension for WindowsStandalone target not found
Refreshing native plugins compatible for Editor in 0.75 ms, found 3 plugins.
Preloading 0 native plugins for Editor in 0.00 ms.
Mono: successfully reloaded assembly
- Completed reload, in  1.985 seconds
Domain Reload Profiling:
	ReloadAssembly (1985ms)
		BeginReloadAssembly (212ms)
			ExecutionOrderSort (0ms)
			DisableScriptedObjects (11ms)
			BackupInstance (0ms)
			ReleaseScriptingObjects (0ms)
			CreateAndSetChildDomain (57ms)
		EndReloadAssembly (1653ms)
			LoadAssemblies (182ms)
			RebuildTransferFunctionScriptingTraits (0ms)
			SetupTypeCache (556ms)
			ReleaseScriptCaches (2ms)
			RebuildScriptCaches (74ms)
			SetupLoadedEditorAssemblies (670ms)
				LogAssemblyErrors (0ms)
				InitializePlatformSupportModulesInManaged (9ms)
				SetLoadedEditorAssemblies (1ms)
				RefreshPlugins (1ms)
				BeforeProcessingInitializeOnLoad (108ms)
				ProcessInitializeOnLoadAttributes (527ms)
				ProcessInitializeOnLoadMethodAttributes (12ms)
				AfterProcessingInitializeOnLoad (13ms)
				EditorAssembliesLoaded (0ms)
			ExecutionOrderSort2 (0ms)
			AwakeInstancesAfterBackupRestoration (23ms)
Platform modules already initialized, skipping
Refreshing native plugins compatible for Editor in 0.73 ms, found 3 plugins.
Preloading 0 native plugins for Editor in 0.00 ms.
Unloading 2090 Unused Serialized files (Serialized files now loaded: 0)
System memory in use before: 95.8 MB.
System memory in use after: 95.9 MB.

Unloading 16 unused Assets to reduce memory usage. Loaded Objects now: 2559.
Total: 4.151100 ms (FindLiveObjects: 0.446400 ms CreateObjectMapping: 0.139100 ms MarkObjects: 3.538700 ms  DeleteObjects: 0.025300 ms)

AssetImportParameters requested are different than current active one (requested -> active):
  custom:framework-win-MediaFoundation: 216162199b28c13a410421893ffa2e32 -> 
  custom:video-decoder-ogg-theora: a1e56fd34408186e4bbccfd4996cb3dc -> 
  custom:container-muxer-webm: aa71ff27fc2769a1b78a27578f13a17b -> 
  custom:container-demuxer-webm: 4f35f7cbe854078d1ac9338744f61a02 -> 
  custom:container-demuxer-ogg: 62fdf1f143b41e24485cea50d1cbac27 -> 
  custom:video-encoder-webm-vp8: eb34c28f22e8b96e1ab97ce403110664 -> 
  custom:video-codec-MediaFoundation-h265: 746d11721c4dcdbdad8f713fa42b33f4 -> 
  custom:video-decoder-webm-vp8: 9c59270c3fd7afecdb556c50c9e8de78 -> 
  custom:audio-decoder-ogg-vorbis: bf7c407c2cedff20999df2af8eb42d56 -> 
  custom:audio-encoder-webm-vorbis: bf7c407c2cedff20999df2af8eb42d56 -> 
========================================================================
Received Prepare
Registering precompiled user dll's ...
Registered in 0.006381 seconds.
Begin MonoManager ReloadAssembly
Native extension for WindowsStandalone target not found
Refreshing native plugins compatible for Editor in 0.58 ms, found 3 plugins.
Preloading 0 native plugins for Editor in 0.00 ms.
Mono: successfully reloaded assembly
- Completed reload, in  1.997 seconds
Domain Reload Profiling:
	ReloadAssembly (1997ms)
		BeginReloadAssembly (224ms)
			ExecutionOrderSort (0ms)
			DisableScriptedObjects (13ms)
			BackupInstance (0ms)
			ReleaseScriptingObjects (0ms)
			CreateAndSetChildDomain (60ms)
		EndReloadAssembly (1628ms)
			LoadAssemblies (188ms)
			RebuildTransferFunctionScriptingTraits (0ms)
			SetupTypeCache (577ms)
			ReleaseScriptCaches (2ms)
			RebuildScriptCaches (73ms)
			SetupLoadedEditorAssemblies (623ms)
				LogAssemblyErrors (0ms)
				InitializePlatformSupportModulesInManaged (8ms)
				SetLoadedEditorAssemblies (1ms)
				RefreshPlugins (1ms)
				BeforeProcessingInitializeOnLoad (101ms)
				ProcessInitializeOnLoadAttributes (483ms)
				ProcessInitializeOnLoadMethodAttributes (12ms)
				AfterProcessingInitializeOnLoad (16ms)
				EditorAssembliesLoaded (0ms)
			ExecutionOrderSort2 (0ms)
			AwakeInstancesAfterBackupRestoration (20ms)
Platform modules already initialized, skipping
Refreshing native plugins compatible for Editor in 0.63 ms, found 3 plugins.
Preloading 0 native plugins for Editor in 0.00 ms.
Unloading 2090 Unused Serialized files (Serialized files now loaded: 0)
System memory in use before: 95.8 MB.
System memory in use after: 96.0 MB.

Unloading 16 unused Assets to reduce memory usage. Loaded Objects now: 2562.
Total: 4.381400 ms (FindLiveObjects: 0.401700 ms CreateObjectMapping: 0.124000 ms MarkObjects: 3.820300 ms  DeleteObjects: 0.032700 ms)

AssetImportParameters requested are different than current active one (requested -> active):
  custom:framework-win-MediaFoundation: 216162199b28c13a410421893ffa2e32 -> 
  custom:video-decoder-ogg-theora: a1e56fd34408186e4bbccfd4996cb3dc -> 
  custom:container-muxer-webm: aa71ff27fc2769a1b78a27578f13a17b -> 
  custom:container-demuxer-webm: 4f35f7cbe854078d1ac9338744f61a02 -> 
  custom:container-demuxer-ogg: 62fdf1f143b41e24485cea50d1cbac27 -> 
  custom:video-encoder-webm-vp8: eb34c28f22e8b96e1ab97ce403110664 -> 
  custom:video-codec-MediaFoundation-h265: 746d11721c4dcdbdad8f713fa42b33f4 -> 
  custom:video-decoder-webm-vp8: 9c59270c3fd7afecdb556c50c9e8de78 -> 
  custom:audio-decoder-ogg-vorbis: bf7c407c2cedff20999df2af8eb42d56 -> 
  custom:audio-encoder-webm-vorbis: bf7c407c2cedff20999df2af8eb42d56 -> 
========================================================================
Received Prepare
Registering precompiled user dll's ...
Registered in 0.009905 seconds.
Begin MonoManager ReloadAssembly
Native extension for WindowsStandalone target not found
Refreshing native plugins compatible for Editor in 0.84 ms, found 3 plugins.
Preloading 0 native plugins for Editor in 0.00 ms.
Mono: successfully reloaded assembly
- Completed reload, in  1.893 seconds
Domain Reload Profiling:
	ReloadAssembly (1894ms)
		BeginReloadAssembly (209ms)
			ExecutionOrderSort (0ms)
			DisableScriptedObjects (11ms)
			BackupInstance (0ms)
			ReleaseScriptingObjects (0ms)
			CreateAndSetChildDomain (87ms)
		EndReloadAssembly (1567ms)
			LoadAssemblies (158ms)
			RebuildTransferFunctionScriptingTraits (0ms)
			SetupTypeCache (514ms)
			ReleaseScriptCaches (2ms)
			RebuildScriptCaches (75ms)
			SetupLoadedEditorAssemblies (645ms)
				LogAssemblyErrors (0ms)
				InitializePlatformSupportModulesInManaged (9ms)
				SetLoadedEditorAssemblies (1ms)
				RefreshPlugins (1ms)
				BeforeProcessingInitializeOnLoad (113ms)
				ProcessInitializeOnLoadAttributes (498ms)
				ProcessInitializeOnLoadMethodAttributes (11ms)
				AfterProcessingInitializeOnLoad (13ms)
				EditorAssembliesLoaded (0ms)
			ExecutionOrderSort2 (0ms)
			AwakeInstancesAfterBackupRestoration (19ms)
Platform modules already initialized, skipping
Refreshing native plugins compatible for Editor in 0.88 ms, found 3 plugins.
Preloading 0 native plugins for Editor in 0.00 ms.
Unloading 2090 Unused Serialized files (Serialized files now loaded: 0)
System memory in use before: 95.8 MB.
System memory in use after: 96.0 MB.

Unloading 16 unused Assets to reduce memory usage. Loaded Objects now: 2565.
Total: 4.715400 ms (FindLiveObjects: 0.365300 ms CreateObjectMapping: 0.089900 ms MarkObjects: 4.226300 ms  DeleteObjects: 0.032000 ms)

AssetImportParameters requested are different than current active one (requested -> active):
  custom:framework-win-MediaFoundation: 216162199b28c13a410421893ffa2e32 -> 
  custom:video-decoder-ogg-theora: a1e56fd34408186e4bbccfd4996cb3dc -> 
  custom:container-muxer-webm: aa71ff27fc2769a1b78a27578f13a17b -> 
  custom:container-demuxer-webm: 4f35f7cbe854078d1ac9338744f61a02 -> 
  custom:container-demuxer-ogg: 62fdf1f143b41e24485cea50d1cbac27 -> 
  custom:video-encoder-webm-vp8: eb34c28f22e8b96e1ab97ce403110664 -> 
  custom:video-codec-MediaFoundation-h265: 746d11721c4dcdbdad8f713fa42b33f4 -> 
  custom:video-decoder-webm-vp8: 9c59270c3fd7afecdb556c50c9e8de78 -> 
  custom:audio-decoder-ogg-vorbis: bf7c407c2cedff20999df2af8eb42d56 -> 
  custom:audio-encoder-webm-vorbis: bf7c407c2cedff20999df2af8eb42d56 -> 
========================================================================
Received Prepare
Registering precompiled user dll's ...
Registered in 0.009415 seconds.
Begin MonoManager ReloadAssembly
Native extension for WindowsStandalone target not found
Refreshing native plugins compatible for Editor in 1.06 ms, found 3 plugins.
Preloading 0 native plugins for Editor in 0.00 ms.
Mono: successfully reloaded assembly
- Completed reload, in  2.038 seconds
Domain Reload Profiling:
	ReloadAssembly (2039ms)
		BeginReloadAssembly (215ms)
			ExecutionOrderSort (0ms)
			DisableScriptedObjects (16ms)
			BackupInstance (0ms)
			ReleaseScriptingObjects (0ms)
			CreateAndSetChildDomain (67ms)
		EndReloadAssembly (1675ms)
			LoadAssemblies (158ms)
			RebuildTransferFunctionScriptingTraits (0ms)
			SetupTypeCache (571ms)
			ReleaseScriptCaches (2ms)
			RebuildScriptCaches (78ms)
			SetupLoadedEditorAssemblies (680ms)
				LogAssemblyErrors (0ms)
				InitializePlatformSupportModulesInManaged (10ms)
				SetLoadedEditorAssemblies (1ms)
				RefreshPlugins (1ms)
				BeforeProcessingInitializeOnLoad (115ms)
				ProcessInitializeOnLoadAttributes (527ms)
				ProcessInitializeOnLoadMethodAttributes (11ms)
				AfterProcessingInitializeOnLoad (14ms)
				EditorAssembliesLoaded (0ms)
			ExecutionOrderSort2 (0ms)
			AwakeInstancesAfterBackupRestoration (19ms)
Platform modules already initialized, skipping
Refreshing native plugins compatible for Editor in 0.76 ms, found 3 plugins.
Preloading 0 native plugins for Editor in 0.00 ms.
Unloading 2090 Unused Serialized files (Serialized files now loaded: 0)
System memory in use before: 95.9 MB.
System memory in use after: 96.0 MB.

Unloading 16 unused Assets to reduce memory usage. Loaded Objects now: 2568.
Total: 5.445900 ms (FindLiveObjects: 0.303100 ms CreateObjectMapping: 0.171300 ms MarkObjects: 4.681600 ms  DeleteObjects: 0.283100 ms)

AssetImportParameters requested are different than current active one (requested -> active):
  custom:framework-win-MediaFoundation: 216162199b28c13a410421893ffa2e32 -> 
  custom:video-decoder-ogg-theora: a1e56fd34408186e4bbccfd4996cb3dc -> 
  custom:container-muxer-webm: aa71ff27fc2769a1b78a27578f13a17b -> 
  custom:container-demuxer-webm: 4f35f7cbe854078d1ac9338744f61a02 -> 
  custom:container-demuxer-ogg: 62fdf1f143b41e24485cea50d1cbac27 -> 
  custom:video-encoder-webm-vp8: eb34c28f22e8b96e1ab97ce403110664 -> 
  custom:video-codec-MediaFoundation-h265: 746d11721c4dcdbdad8f713fa42b33f4 -> 
  custom:video-decoder-webm-vp8: 9c59270c3fd7afecdb556c50c9e8de78 -> 
  custom:audio-decoder-ogg-vorbis: bf7c407c2cedff20999df2af8eb42d56 -> 
  custom:audio-encoder-webm-vorbis: bf7c407c2cedff20999df2af8eb42d56 -> 
========================================================================
Received Prepare
Registering precompiled user dll's ...
Registered in 0.009138 seconds.
Begin MonoManager ReloadAssembly
Native extension for WindowsStandalone target not found
Refreshing native plugins compatible for Editor in 0.83 ms, found 3 plugins.
Preloading 0 native plugins for Editor in 0.00 ms.
Mono: successfully reloaded assembly
- Completed reload, in  2.005 seconds
Domain Reload Profiling:
	ReloadAssembly (2006ms)
		BeginReloadAssembly (220ms)
			ExecutionOrderSort (0ms)
			DisableScriptedObjects (11ms)
			BackupInstance (0ms)
			ReleaseScriptingObjects (0ms)
			CreateAndSetChildDomain (70ms)
		EndReloadAssembly (1641ms)
			LoadAssemblies (177ms)
			RebuildTransferFunctionScriptingTraits (0ms)
			SetupTypeCache (537ms)
			ReleaseScriptCaches (2ms)
			RebuildScriptCaches (76ms)
			SetupLoadedEditorAssemblies (672ms)
				LogAssemblyErrors (0ms)
				InitializePlatformSupportModulesInManaged (8ms)
				SetLoadedEditorAssemblies (1ms)
				RefreshPlugins (1ms)
				BeforeProcessingInitializeOnLoad (106ms)
				ProcessInitializeOnLoadAttributes (533ms)
				ProcessInitializeOnLoadMethodAttributes (10ms)
				AfterProcessingInitializeOnLoad (12ms)
				EditorAssembliesLoaded (0ms)
			ExecutionOrderSort2 (0ms)
			AwakeInstancesAfterBackupRestoration (21ms)
Platform modules already initialized, skipping
Refreshing native plugins compatible for Editor in 1.03 ms, found 3 plugins.
Preloading 0 native plugins for Editor in 0.00 ms.
Unloading 2090 Unused Serialized files (Serialized files now loaded: 0)
System memory in use before: 95.9 MB.
System memory in use after: 96.0 MB.

Unloading 16 unused Assets to reduce memory usage. Loaded Objects now: 2571.
Total: 5.280000 ms (FindLiveObjects: 0.308800 ms CreateObjectMapping: 0.104800 ms MarkObjects: 4.836800 ms  DeleteObjects: 0.027400 ms)

AssetImportParameters requested are different than current active one (requested -> active):
  custom:framework-win-MediaFoundation: 216162199b28c13a410421893ffa2e32 -> 
  custom:video-decoder-ogg-theora: a1e56fd34408186e4bbccfd4996cb3dc -> 
  custom:container-muxer-webm: aa71ff27fc2769a1b78a27578f13a17b -> 
  custom:container-demuxer-webm: 4f35f7cbe854078d1ac9338744f61a02 -> 
  custom:container-demuxer-ogg: 62fdf1f143b41e24485cea50d1cbac27 -> 
  custom:video-encoder-webm-vp8: eb34c28f22e8b96e1ab97ce403110664 -> 
  custom:video-codec-MediaFoundation-h265: 746d11721c4dcdbdad8f713fa42b33f4 -> 
  custom:video-decoder-webm-vp8: 9c59270c3fd7afecdb556c50c9e8de78 -> 
  custom:audio-decoder-ogg-vorbis: bf7c407c2cedff20999df2af8eb42d56 -> 
  custom:audio-encoder-webm-vorbis: bf7c407c2cedff20999df2af8eb42d56 -> 
========================================================================
Received Prepare
Registering precompiled user dll's ...
Registered in 0.009181 seconds.
Begin MonoManager ReloadAssembly
Native extension for WindowsStandalone target not found
Refreshing native plugins compatible for Editor in 0.93 ms, found 3 plugins.
Preloading 0 native plugins for Editor in 0.00 ms.
Mono: successfully reloaded assembly
- Completed reload, in  1.969 seconds
Domain Reload Profiling:
	ReloadAssembly (1970ms)
		BeginReloadAssembly (216ms)
			ExecutionOrderSort (0ms)
			DisableScriptedObjects (13ms)
			BackupInstance (0ms)
			ReleaseScriptingObjects (0ms)
			CreateAndSetChildDomain (59ms)
		EndReloadAssembly (1596ms)
			LoadAssemblies (193ms)
			RebuildTransferFunctionScriptingTraits (0ms)
			SetupTypeCache (522ms)
			ReleaseScriptCaches (2ms)
			RebuildScriptCaches (74ms)
			SetupLoadedEditorAssemblies (659ms)
				LogAssemblyErrors (0ms)
				InitializePlatformSupportModulesInManaged (11ms)
				SetLoadedEditorAssemblies (1ms)
				RefreshPlugins (1ms)
				BeforeProcessingInitializeOnLoad (104ms)
				ProcessInitializeOnLoadAttributes (521ms)
				ProcessInitializeOnLoadMethodAttributes (10ms)
				AfterProcessingInitializeOnLoad (10ms)
				EditorAssembliesLoaded (0ms)
			ExecutionOrderSort2 (0ms)
			AwakeInstancesAfterBackupRestoration (20ms)
Platform modules already initialized, skipping
Refreshing native plugins compatible for Editor in 1.01 ms, found 3 plugins.
Preloading 0 native plugins for Editor in 0.00 ms.
Unloading 2090 Unused Serialized files (Serialized files now loaded: 0)
System memory in use before: 95.9 MB.
System memory in use after: 96.0 MB.

Unloading 16 unused Assets to reduce memory usage. Loaded Objects now: 2574.
Total: 7.332500 ms (FindLiveObjects: 0.259000 ms CreateObjectMapping: 0.119200 ms MarkObjects: 6.921500 ms  DeleteObjects: 0.030600 ms)

AssetImportParameters requested are different than current active one (requested -> active):
  custom:framework-win-MediaFoundation: 216162199b28c13a410421893ffa2e32 -> 
  custom:video-decoder-ogg-theora: a1e56fd34408186e4bbccfd4996cb3dc -> 
  custom:container-muxer-webm: aa71ff27fc2769a1b78a27578f13a17b -> 
  custom:container-demuxer-webm: 4f35f7cbe854078d1ac9338744f61a02 -> 
  custom:container-demuxer-ogg: 62fdf1f143b41e24485cea50d1cbac27 -> 
  custom:video-encoder-webm-vp8: eb34c28f22e8b96e1ab97ce403110664 -> 
  custom:video-codec-MediaFoundation-h265: 746d11721c4dcdbdad8f713fa42b33f4 -> 
  custom:video-decoder-webm-vp8: 9c59270c3fd7afecdb556c50c9e8de78 -> 
  custom:audio-decoder-ogg-vorbis: bf7c407c2cedff20999df2af8eb42d56 -> 
  custom:audio-encoder-webm-vorbis: bf7c407c2cedff20999df2af8eb42d56 -> 
